E:\КУРСОВІ\TYHOLAZ_KURSOVA\TYHOLAZ_KURSOVA\DEBUG\TYHOLAZ_KURSOVA.PCH
E:\КУРСОВІ\TYHOLAZ_KURSOVA\TYHOLAZ_KURSOVA\DEBUG\STDAFX.OBJ
E:\КУРСОВІ\TYHOLAZ_KURSOVA\TYHOLAZ_KURSOVA\DEBUG\VC110.PDB
E:\КУРСОВІ\TYHOLAZ_KURSOVA\TYHOLAZ_KURSOVA\DEBUG\TYHOLAZ_KURSOVA.OBJ
E:\КУРСОВІ\TYHOLAZ_KURSOVA\TYHOLAZ_KURSOVA\DEBUG\POLYGON.OBJ
E:\КУРСОВІ\TYHOLAZ_KURSOVA\TYHOLAZ_KURSOVA\DEBUG\ASSEMBLYINFO.OBJ
E:\КУРСОВІ\TYHOLAZ_KURSOVA\TYHOLAZ_KURSOVA\DEBUG\.NETFRAMEWORK,VERSION=V4.5.ASSEMBLYATTRIBUTES.OBJ
E:\КУРСОВІ\TYHOLAZ_KURSOVA\DEBUG\TYHOLAZ_KURSOVA.ILK
E:\КУРСОВІ\TYHOLAZ_KURSOVA\DEBUG\TYHOLAZ_KURSOVA.EXE
E:\КУРСОВІ\TYHOLAZ_KURSOVA\DEBUG\TYHOLAZ_KURSOVA.PDB
E:\КУРСОВІ\TYHOLAZ_KURSOVA\TYHOLAZ_KURSOVA\DEBUG\APP.RES
E:\КУРСОВІ\Tyholaz_Kursova\Tyholaz_Kursova\Debug\Tyholaz_Kursova.Form1.resources
E:\КУРСОВІ\Tyholaz_Kursova\Tyholaz_Kursova\Debug\Tyholaz_Kursova.vcxproj.GenerateResource.Cache
E:\КУРСОВІ\Tyholaz_Kursova\Tyholaz_Kursova\Debug\Tyholaz_Kursova.vcxprojResolveAssemblyReference.cache
E:\КУРСОВІ\Tyholaz_Kursova\Tyholaz_Kursova\Debug\.NETFramework,Version=v4.5.AssemblyAttributes.obj
E:\КУРСОВІ\Tyholaz_Kursova\Tyholaz_Kursova\Debug\AssemblyInfo.obj
E:\КУРСОВІ\Tyholaz_Kursova\Tyholaz_Kursova\Debug\Polygon.obj
E:\КУРСОВІ\Tyholaz_Kursova\Tyholaz_Kursova\Debug\stdafx.obj
E:\КУРСОВІ\Tyholaz_Kursova\Tyholaz_Kursova\Debug\Tyholaz_Kursova.obj
E:\КУРСОВІ\Tyholaz_Kursova\Tyholaz_Kursova\Debug\cl.command.1.tlog
E:\КУРСОВІ\Tyholaz_Kursova\Tyholaz_Kursova\Debug\CL.read.1.tlog
E:\КУРСОВІ\Tyholaz_Kursova\Tyholaz_Kursova\Debug\CL.write.1.tlog
E:\КУРСОВІ\Tyholaz_Kursova\Tyholaz_Kursova\Debug\link.1088-cvtres.read.1.tlog
E:\КУРСОВІ\Tyholaz_Kursova\Tyholaz_Kursova\Debug\link.1088-cvtres.write.1.tlog
E:\КУРСОВІ\Tyholaz_Kursova\Tyholaz_Kursova\Debug\link.1088-rc.read.1.tlog
E:\КУРСОВІ\Tyholaz_Kursova\Tyholaz_Kursova\Debug\link.1088-rc.write.1.tlog
E:\КУРСОВІ\Tyholaz_Kursova\Tyholaz_Kursova\Debug\link.1088.read.1.tlog
E:\КУРСОВІ\Tyholaz_Kursova\Tyholaz_Kursova\Debug\link.1088.write.1.tlog
E:\КУРСОВІ\Tyholaz_Kursova\Tyholaz_Kursova\Debug\link.3136-cvtres.read.1.tlog
E:\КУРСОВІ\Tyholaz_Kursova\Tyholaz_Kursova\Debug\link.3136-cvtres.write.1.tlog
E:\КУРСОВІ\Tyholaz_Kursova\Tyholaz_Kursova\Debug\link.3136-rc.read.1.tlog
E:\КУРСОВІ\Tyholaz_Kursova\Tyholaz_Kursova\Debug\link.3136-rc.write.1.tlog
E:\КУРСОВІ\Tyholaz_Kursova\Tyholaz_Kursova\Debug\link.3136.read.1.tlog
E:\КУРСОВІ\Tyholaz_Kursova\Tyholaz_Kursova\Debug\link.3136.write.1.tlog
E:\КУРСОВІ\Tyholaz_Kursova\Tyholaz_Kursova\Debug\link.3520-cvtres.read.1.tlog
E:\КУРСОВІ\Tyholaz_Kursova\Tyholaz_Kursova\Debug\link.3520-cvtres.write.1.tlog
E:\КУРСОВІ\Tyholaz_Kursova\Tyholaz_Kursova\Debug\link.3520-rc.read.1.tlog
E:\КУРСОВІ\Tyholaz_Kursova\Tyholaz_Kursova\Debug\link.3520-rc.write.1.tlog
E:\КУРСОВІ\Tyholaz_Kursova\Tyholaz_Kursova\Debug\link.3520.read.1.tlog
E:\КУРСОВІ\Tyholaz_Kursova\Tyholaz_Kursova\Debug\link.3520.write.1.tlog
E:\КУРСОВІ\Tyholaz_Kursova\Tyholaz_Kursova\Debug\link.3604-cvtres.read.1.tlog
E:\КУРСОВІ\Tyholaz_Kursova\Tyholaz_Kursova\Debug\link.3604-cvtres.write.1.tlog
E:\КУРСОВІ\Tyholaz_Kursova\Tyholaz_Kursova\Debug\link.3604-rc.read.1.tlog
E:\КУРСОВІ\Tyholaz_Kursova\Tyholaz_Kursova\Debug\link.3604-rc.write.1.tlog
E:\КУРСОВІ\Tyholaz_Kursova\Tyholaz_Kursova\Debug\link.3604.read.1.tlog
E:\КУРСОВІ\Tyholaz_Kursova\Tyholaz_Kursova\Debug\link.3604.write.1.tlog
E:\КУРСОВІ\Tyholaz_Kursova\Tyholaz_Kursova\Debug\link.3628-cvtres.read.1.tlog
E:\КУРСОВІ\Tyholaz_Kursova\Tyholaz_Kursova\Debug\link.3628-cvtres.write.1.tlog
E:\КУРСОВІ\Tyholaz_Kursova\Tyholaz_Kursova\Debug\link.3628-rc.read.1.tlog
E:\КУРСОВІ\Tyholaz_Kursova\Tyholaz_Kursova\Debug\link.3628-rc.write.1.tlog
E:\КУРСОВІ\Tyholaz_Kursova\Tyholaz_Kursova\Debug\link.3628.read.1.tlog
E:\КУРСОВІ\Tyholaz_Kursova\Tyholaz_Kursova\Debug\link.3628.write.1.tlog
E:\КУРСОВІ\Tyholaz_Kursova\Tyholaz_Kursova\Debug\link.376-cvtres.read.1.tlog
E:\КУРСОВІ\Tyholaz_Kursova\Tyholaz_Kursova\Debug\link.376-cvtres.write.1.tlog
E:\КУРСОВІ\Tyholaz_Kursova\Tyholaz_Kursova\Debug\link.376-rc.read.1.tlog
E:\КУРСОВІ\Tyholaz_Kursova\Tyholaz_Kursova\Debug\link.376-rc.write.1.tlog
E:\КУРСОВІ\Tyholaz_Kursova\Tyholaz_Kursova\Debug\link.376.read.1.tlog
E:\КУРСОВІ\Tyholaz_Kursova\Tyholaz_Kursova\Debug\link.376.write.1.tlog
E:\КУРСОВІ\Tyholaz_Kursova\Tyholaz_Kursova\Debug\link.4140-cvtres.read.1.tlog
E:\КУРСОВІ\Tyholaz_Kursova\Tyholaz_Kursova\Debug\link.4140-cvtres.write.1.tlog
E:\КУРСОВІ\Tyholaz_Kursova\Tyholaz_Kursova\Debug\link.4140-rc.read.1.tlog
E:\КУРСОВІ\Tyholaz_Kursova\Tyholaz_Kursova\Debug\link.4140-rc.write.1.tlog
E:\КУРСОВІ\Tyholaz_Kursova\Tyholaz_Kursova\Debug\link.4140.read.1.tlog
E:\КУРСОВІ\Tyholaz_Kursova\Tyholaz_Kursova\Debug\link.4140.write.1.tlog
E:\КУРСОВІ\Tyholaz_Kursova\Tyholaz_Kursova\Debug\link.4516-cvtres.read.1.tlog
E:\КУРСОВІ\Tyholaz_Kursova\Tyholaz_Kursova\Debug\link.4516-cvtres.write.1.tlog
E:\КУРСОВІ\Tyholaz_Kursova\Tyholaz_Kursova\Debug\link.4516-rc.read.1.tlog
E:\КУРСОВІ\Tyholaz_Kursova\Tyholaz_Kursova\Debug\link.4516-rc.write.1.tlog
E:\КУРСОВІ\Tyholaz_Kursova\Tyholaz_Kursova\Debug\link.4516.read.1.tlog
E:\КУРСОВІ\Tyholaz_Kursova\Tyholaz_Kursova\Debug\link.4516.write.1.tlog
E:\КУРСОВІ\Tyholaz_Kursova\Tyholaz_Kursova\Debug\link.4548-cvtres.read.1.tlog
E:\КУРСОВІ\Tyholaz_Kursova\Tyholaz_Kursova\Debug\link.4548-cvtres.write.1.tlog
E:\КУРСОВІ\Tyholaz_Kursova\Tyholaz_Kursova\Debug\link.4548-rc.read.1.tlog
E:\КУРСОВІ\Tyholaz_Kursova\Tyholaz_Kursova\Debug\link.4548-rc.write.1.tlog
E:\КУРСОВІ\Tyholaz_Kursova\Tyholaz_Kursova\Debug\link.4548.read.1.tlog
E:\КУРСОВІ\Tyholaz_Kursova\Tyholaz_Kursova\Debug\link.4548.write.1.tlog
E:\КУРСОВІ\Tyholaz_Kursova\Tyholaz_Kursova\Debug\link.4640-cvtres.read.1.tlog
E:\КУРСОВІ\Tyholaz_Kursova\Tyholaz_Kursova\Debug\link.4640-cvtres.write.1.tlog
E:\КУРСОВІ\Tyholaz_Kursova\Tyholaz_Kursova\Debug\link.4640-rc.read.1.tlog
E:\КУРСОВІ\Tyholaz_Kursova\Tyholaz_Kursova\Debug\link.4640-rc.write.1.tlog
E:\КУРСОВІ\Tyholaz_Kursova\Tyholaz_Kursova\Debug\link.4640.read.1.tlog
E:\КУРСОВІ\Tyholaz_Kursova\Tyholaz_Kursova\Debug\link.4640.write.1.tlog
E:\КУРСОВІ\Tyholaz_Kursova\Tyholaz_Kursova\Debug\link.4748-cvtres.read.1.tlog
E:\КУРСОВІ\Tyholaz_Kursova\Tyholaz_Kursova\Debug\link.4748-cvtres.write.1.tlog
E:\КУРСОВІ\Tyholaz_Kursova\Tyholaz_Kursova\Debug\link.4748-rc.read.1.tlog
E:\КУРСОВІ\Tyholaz_Kursova\Tyholaz_Kursova\Debug\link.4748-rc.write.1.tlog
E:\КУРСОВІ\Tyholaz_Kursova\Tyholaz_Kursova\Debug\link.4748.read.1.tlog
E:\КУРСОВІ\Tyholaz_Kursova\Tyholaz_Kursova\Debug\link.4748.write.1.tlog
E:\КУРСОВІ\Tyholaz_Kursova\Tyholaz_Kursova\Debug\link.5000-cvtres.read.1.tlog
E:\КУРСОВІ\Tyholaz_Kursova\Tyholaz_Kursova\Debug\link.5000-cvtres.write.1.tlog
E:\КУРСОВІ\Tyholaz_Kursova\Tyholaz_Kursova\Debug\link.5000-rc.read.1.tlog
E:\КУРСОВІ\Tyholaz_Kursova\Tyholaz_Kursova\Debug\link.5000-rc.write.1.tlog
E:\КУРСОВІ\Tyholaz_Kursova\Tyholaz_Kursova\Debug\link.5000.read.1.tlog
E:\КУРСОВІ\Tyholaz_Kursova\Tyholaz_Kursova\Debug\link.5000.write.1.tlog
E:\КУРСОВІ\Tyholaz_Kursova\Tyholaz_Kursova\Debug\link.5044-cvtres.read.1.tlog
E:\КУРСОВІ\Tyholaz_Kursova\Tyholaz_Kursova\Debug\link.5044-cvtres.write.1.tlog
E:\КУРСОВІ\Tyholaz_Kursova\Tyholaz_Kursova\Debug\link.5044-rc.read.1.tlog
E:\КУРСОВІ\Tyholaz_Kursova\Tyholaz_Kursova\Debug\link.5044-rc.write.1.tlog
E:\КУРСОВІ\Tyholaz_Kursova\Tyholaz_Kursova\Debug\link.5044.read.1.tlog
E:\КУРСОВІ\Tyholaz_Kursova\Tyholaz_Kursova\Debug\link.5044.write.1.tlog
E:\КУРСОВІ\Tyholaz_Kursova\Tyholaz_Kursova\Debug\link.5504-cvtres.read.1.tlog
E:\КУРСОВІ\Tyholaz_Kursova\Tyholaz_Kursova\Debug\link.5504-cvtres.write.1.tlog
E:\КУРСОВІ\Tyholaz_Kursova\Tyholaz_Kursova\Debug\link.5504-rc.read.1.tlog
E:\КУРСОВІ\Tyholaz_Kursova\Tyholaz_Kursova\Debug\link.5504-rc.write.1.tlog
E:\КУРСОВІ\Tyholaz_Kursova\Tyholaz_Kursova\Debug\link.5504.read.1.tlog
E:\КУРСОВІ\Tyholaz_Kursova\Tyholaz_Kursova\Debug\link.5504.write.1.tlog
E:\КУРСОВІ\Tyholaz_Kursova\Tyholaz_Kursova\Debug\link.command.1.tlog
E:\КУРСОВІ\Tyholaz_Kursova\Tyholaz_Kursova\Debug\link.read.1.tlog
E:\КУРСОВІ\Tyholaz_Kursova\Tyholaz_Kursova\Debug\link.write.1.tlog
E:\КУРСОВІ\Tyholaz_Kursova\Tyholaz_Kursova\Debug\metagen.read.1.tlog
E:\КУРСОВІ\Tyholaz_Kursova\Tyholaz_Kursova\Debug\metagen.write.1.tlog
E:\КУРСОВІ\Tyholaz_Kursova\Tyholaz_Kursova\Debug\rc.command.1.tlog
E:\КУРСОВІ\Tyholaz_Kursova\Tyholaz_Kursova\Debug\rc.read.1.tlog
E:\КУРСОВІ\Tyholaz_Kursova\Tyholaz_Kursova\Debug\rc.write.1.tlog
E:\КУРСОВІ\Tyholaz_Kursova\Tyholaz_Kursova\Debug\Tyholaz_Kursova.write.1.tlog
E:\КУРСОВІ\Tyholaz_Kursova\Tyholaz_Kursova\Debug\app.res
E:\КУРСОВІ\Tyholaz_Kursova\Tyholaz_Kursova\Debug\Tyholaz_Kursova.pch
E:\КУРСОВІ\Tyholaz_Kursova\Tyholaz_Kursova\Debug\vc110.pdb
E:\КУРСОВІ\Tyholaz_Kursova\Tyholaz_Kursova\Debug\RSAENH.DLL.bi
E:\КУРСОВІ\Tyholaz_Kursova\Tyholaz_Kursova\Debug\TZRES.DLL.bi
E:\КУРСОВІ\Tyholaz_Kursova\Debug\Tyholaz_Kursova.pdb
E:\КУРСОВІ\Tyholaz_Kursova\Debug\Tyholaz_Kursova.exe
E:\КУРСОВІ\Tyholaz_Kursova\Debug\Tyholaz_Kursova.ilk
