Build started 10.12.2014 18:16:57.
     1>Project "E:\КУРСОВІ\Tyholaz_Kursova\Tyholaz_Kursova\Tyholaz_Kursova.vcxproj" on node 2 (Rebuild target(s)).
     1>ClCompile:
         D:\VS 2012\VC\bin\CL.exe /c /AI"C:\Program Files\Reference Assemblies\Microsoft\Framework\.NETFramework\v4.5\\" /AI"C:\Program Files\Windows Kits\8.0\References\CommonConfiguration\Neutral" /AI"C:\Program Files\Reference Assemblies\Microsoft\Framework\.NETFramework\v4.5\Facades\\" /Zi /clr:pure /nologo /W3 /WX- /Od /Oy- /D WIN32 /D _DEBUG /D _UNICODE /D UNICODE /EHa /MDd /GS /fp:precise /Zc:wchar_t /Zc:forScope /Yc"stdafx.h" /Fp"Debug\Tyholaz_Kursova.pch" /Fo"Debug\\" /Fd"Debug\vc110.pdb" /TP /FU"C:\Program Files\Reference Assemblies\Microsoft\Framework\.NETFramework\v4.5\mscorlib.dll" /FU"C:\Program Files\Reference Assemblies\Microsoft\Framework\.NETFramework\v4.5\System.Data.dll" /FU"C:\Program Files\Reference Assemblies\Microsoft\Framework\.NETFramework\v4.5\System.dll" /FU"C:\Program Files\Reference Assemblies\Microsoft\Framework\.NETFramework\v4.5\System.Drawing.dll" /FU"C:\Program Files\Reference Assemblies\Microsoft\Framework\.NETFramework\v4.5\System.Windows.Forms.dll" /FU"C:\Program Files\Reference Assemblies\Microsoft\Framework\.NETFramework\v4.5\System.Xml.dll" /analyze- /errorReport:prompt /clr:nostdlib stdafx.cpp
         stdafx.cpp
         D:\VS 2012\VC\bin\CL.exe /c /AI"C:\Program Files\Reference Assemblies\Microsoft\Framework\.NETFramework\v4.5\\" /AI"C:\Program Files\Windows Kits\8.0\References\CommonConfiguration\Neutral" /AI"C:\Program Files\Reference Assemblies\Microsoft\Framework\.NETFramework\v4.5\Facades\\" /Zi /clr:pure /nologo /W3 /WX- /Od /Oy- /D WIN32 /D _DEBUG /D _UNICODE /D UNICODE /EHa /MDd /GS /fp:precise /Zc:wchar_t /Zc:forScope /Yu"stdafx.h" /Fp"Debug\Tyholaz_Kursova.pch" /Fo"Debug\\" /Fd"Debug\vc110.pdb" /TP /FU"C:\Program Files\Reference Assemblies\Microsoft\Framework\.NETFramework\v4.5\mscorlib.dll" /FU"C:\Program Files\Reference Assemblies\Microsoft\Framework\.NETFramework\v4.5\System.Data.dll" /FU"C:\Program Files\Reference Assemblies\Microsoft\Framework\.NETFramework\v4.5\System.dll" /FU"C:\Program Files\Reference Assemblies\Microsoft\Framework\.NETFramework\v4.5\System.Drawing.dll" /FU"C:\Program Files\Reference Assemblies\Microsoft\Framework\.NETFramework\v4.5\System.Windows.Forms.dll" /FU"C:\Program Files\Reference Assemblies\Microsoft\Framework\.NETFramework\v4.5\System.Xml.dll" /analyze- /errorReport:prompt /clr:nostdlib AssemblyInfo.cpp Polygon.cpp Tyholaz_Kursova.cpp
         AssemblyInfo.cpp
         Polygon.cpp
     1>Polygon.cpp(13): warning C4244: '=' : conversion from 'float' to 'int', possible loss of data
     1>Polygon.cpp(165): warning C4018: '<' : signed/unsigned mismatch
     1>Polygon.cpp(211): warning C4244: 'return' : conversion from 'double' to 'int', possible loss of data
     1>Polygon.cpp(239): warning C4018: '<' : signed/unsigned mismatch
         Tyholaz_Kursova.cpp
         Generating Code...
         D:\VS 2012\VC\bin\CL.exe /c /Zi /clr:pure /nologo /W3 /WX- /Od /Oy- /D WIN32 /D _DEBUG /D _UNICODE /D UNICODE /EHa /MDd /GS /fp:precise /Zc:wchar_t /Zc:forScope /Fo"Debug\\" /Fd"Debug\vc110.pdb" /TP /analyze- /errorReport:prompt "C:\Users\Mordochka\AppData\Local\Temp\.NETFramework,Version=v4.5.AssemblyAttributes.cpp"
         .NETFramework,Version=v4.5.AssemblyAttributes.cpp
       ResourceCompile:
         C:\Program Files\Windows Kits\8.0\bin\x86\rc.exe /D _UNICODE /D UNICODE /l"0x0409" /nologo /fo"Debug\app.res" app.rc 
       Link:
         D:\VS 2012\VC\bin\link.exe /ERRORREPORT:PROMPT /OUT:"E:\КУРСОВІ\Tyholaz_Kursova\Debug\Tyholaz_Kursova.exe" /INCREMENTAL /NOLOGO /ASSEMBLYRESOURCE:Debug\Tyholaz_Kursova.Form1.resources /MANIFEST /MANIFESTUAC:"level='asInvoker' uiAccess='false'" /manifest:embed /DEBUG /PDB:"E:\КУРСОВІ\Tyholaz_Kursova\Debug\Tyholaz_Kursova.pdb" /ASSEMBLYDEBUG /SUBSYSTEM:WINDOWS /TLBID:1 /ENTRY:"main" /DYNAMICBASE /FIXED:NO /NXCOMPAT /MACHINE:X86 Debug\app.res
         Debug\AssemblyInfo.obj
         Debug\Polygon.obj
         Debug\stdafx.obj
         Debug\Tyholaz_Kursova.obj
         "Debug\.NETFramework,Version=v4.5.AssemblyAttributes.obj"
         Tyholaz_Kursova.vcxproj -> E:\КУРСОВІ\Tyholaz_Kursova\Debug\Tyholaz_Kursova.exe
     1>Done Building Project "E:\КУРСОВІ\Tyholaz_Kursova\Tyholaz_Kursova\Tyholaz_Kursova.vcxproj" (Rebuild target(s)).

Build succeeded.

Time Elapsed 00:00:15.14
